TN:
SF:client/src/gameplay/quest-system.js
FN:4,(anonymous_0)
FN:13,(anonymous_1)
FN:43,(anonymous_2)
FN:45,(anonymous_3)
FN:48,(anonymous_4)
FN:58,(anonymous_5)
FN:68,(anonymous_6)
FN:76,(anonymous_7)
FN:79,(anonymous_8)
FN:96,(anonymous_9)
FN:111,(anonymous_10)
FN:129,(anonymous_11)
FN:134,(anonymous_12)
FN:140,(anonymous_13)
FN:162,(anonymous_14)
FN:181,(anonymous_15)
FN:194,(anonymous_16)
FN:195,(anonymous_17)
FN:210,(anonymous_18)
FN:214,(anonymous_19)
FN:224,(anonymous_20)
FN:229,(anonymous_21)
FN:262,(anonymous_22)
FN:279,(anonymous_23)
FN:284,(anonymous_24)
FN:289,(anonymous_25)
FN:296,(anonymous_26)
FN:310,(anonymous_27)
FN:322,(anonymous_28)
FN:330,(anonymous_29)
FN:336,(anonymous_30)
FN:346,(anonymous_31)
FN:352,(anonymous_32)
FN:360,(anonymous_33)
FN:372,(anonymous_34)
FN:377,(anonymous_35)
FN:382,(anonymous_36)
FN:384,(anonymous_37)
FN:393,(anonymous_38)
FNF:39
FNH:1
FNDA:4,(anonymous_0)
FNDA:0,(anonymous_1)
FNDA:0,(anonymous_2)
FNDA:0,(anonymous_3)
FNDA:0,(anonymous_4)
FNDA:0,(anonymous_5)
FNDA:0,(anonymous_6)
FNDA:0,(anonymous_7)
FNDA:0,(anonymous_8)
FNDA:0,(anonymous_9)
FNDA:0,(anonymous_10)
FNDA:0,(anonymous_11)
FNDA:0,(anonymous_12)
FNDA:0,(anonymous_13)
FNDA:0,(anonymous_14)
FNDA:0,(anonymous_15)
FNDA:0,(anonymous_16)
FNDA:0,(anonymous_17)
FNDA:0,(anonymous_18)
FNDA:0,(anonymous_19)
FNDA:0,(anonymous_20)
FNDA:0,(anonymous_21)
FNDA:0,(anonymous_22)
FNDA:0,(anonymous_23)
FNDA:0,(anonymous_24)
FNDA:0,(anonymous_25)
FNDA:0,(anonymous_26)
FNDA:0,(anonymous_27)
FNDA:0,(anonymous_28)
FNDA:0,(anonymous_29)
FNDA:0,(anonymous_30)
FNDA:0,(anonymous_31)
FNDA:0,(anonymous_32)
FNDA:0,(anonymous_33)
FNDA:0,(anonymous_34)
FNDA:0,(anonymous_35)
FNDA:0,(anonymous_36)
FNDA:0,(anonymous_37)
FNDA:0,(anonymous_38)
DA:1,1
DA:5,4
DA:6,4
DA:7,4
DA:8,4
DA:9,4
DA:14,0
DA:15,0
DA:18,0
DA:19,0
DA:23,0
DA:31,0
DA:34,0
DA:37,0
DA:39,0
DA:44,0
DA:45,0
DA:48,0
DA:54,0
DA:55,0
DA:58,0
DA:69,0
DA:70,0
DA:72,0
DA:73,0
DA:76,0
DA:77,0
DA:79,0
DA:80,0
DA:82,0
DA:83,0
DA:84,0
DA:86,0
DA:87,0
DA:88,0
DA:96,0
DA:97,0
DA:98,0
DA:104,0
DA:105,0
DA:106,0
DA:112,0
DA:114,0
DA:116,0
DA:118,0
DA:120,0
DA:122,0
DA:124,0
DA:130,0
DA:131,0
DA:134,0
DA:135,0
DA:141,0
DA:142,0
DA:144,0
DA:147,0
DA:148,0
DA:151,0
DA:152,0
DA:155,0
DA:158,0
DA:163,0
DA:164,0
DA:166,0
DA:182,0
DA:185,0
DA:186,0
DA:194,0
DA:195,0
DA:196,0
DA:197,0
DA:206,0
DA:211,0
DA:212,0
DA:214,0
DA:216,0
DA:217,0
DA:218,0
DA:225,0
DA:230,0
DA:231,0
DA:234,0
DA:235,0
DA:239,0
DA:240,0
DA:244,0
DA:249,0
DA:250,0
DA:254,0
DA:258,0
DA:264,0
DA:265,0
DA:268,0
DA:269,0
DA:272,0
DA:273,0
DA:275,0
DA:280,0
DA:285,0
DA:286,0
DA:288,0
DA:289,0
DA:290,0
DA:292,0
DA:297,0
DA:306,0
DA:311,0
DA:312,0
DA:313,0
DA:316,0
DA:317,0
DA:320,0
DA:322,0
DA:331,0
DA:332,0
DA:333,0
DA:336,0
DA:337,0
DA:338,0
DA:341,0
DA:342,0
DA:347,0
DA:348,0
DA:349,0
DA:352,0
DA:353,0
DA:354,0
DA:356,0
DA:361,0
DA:362,0
DA:363,0
DA:366,0
DA:367,0
DA:368,0
DA:373,0
DA:378,0
DA:383,0
DA:385,0
DA:386,0
DA:389,0
DA:393,0
DA:397,1
LF:142
LH:7
BRDA:15,0,0,0
BRDA:15,0,1,0
BRDA:18,1,0,0
BRDA:18,1,1,0
BRDA:44,2,0,0
BRDA:44,2,1,0
BRDA:54,3,0,0
BRDA:54,3,1,0
BRDA:70,4,0,0
BRDA:70,4,1,0
BRDA:77,5,0,0
BRDA:77,5,1,0
BRDA:80,6,0,0
BRDA:80,6,1,0
BRDA:82,7,0,0
BRDA:82,7,1,0
BRDA:86,8,0,0
BRDA:86,8,1,0
BRDA:96,9,0,0
BRDA:96,9,1,0
BRDA:104,10,0,0
BRDA:104,10,1,0
BRDA:112,11,0,0
BRDA:112,11,1,0
BRDA:112,11,2,0
BRDA:112,11,3,0
BRDA:112,11,4,0
BRDA:112,11,5,0
BRDA:114,12,0,0
BRDA:114,12,1,0
BRDA:116,13,0,0
BRDA:116,13,1,0
BRDA:118,14,0,0
BRDA:118,14,1,0
BRDA:120,15,0,0
BRDA:120,15,1,0
BRDA:122,16,0,0
BRDA:122,16,1,0
BRDA:131,17,0,0
BRDA:131,17,1,0
BRDA:134,18,0,0
BRDA:134,18,1,0
BRDA:142,19,0,0
BRDA:142,19,1,0
BRDA:142,20,0,0
BRDA:142,20,1,0
BRDA:170,21,0,0
BRDA:170,21,1,0
BRDA:174,22,0,0
BRDA:174,22,1,0
BRDA:185,23,0,0
BRDA:185,23,1,0
BRDA:196,24,0,0
BRDA:196,24,1,0
BRDA:212,25,0,0
BRDA:212,25,1,0
BRDA:216,26,0,0
BRDA:216,26,1,0
BRDA:218,27,0,0
BRDA:218,27,1,0
BRDA:234,28,0,0
BRDA:234,28,1,0
BRDA:239,29,0,0
BRDA:239,29,1,0
BRDA:240,30,0,0
BRDA:240,30,1,0
BRDA:249,31,0,0
BRDA:249,31,1,0
BRDA:250,32,0,0
BRDA:250,32,1,0
BRDA:264,33,0,0
BRDA:264,33,1,0
BRDA:268,34,0,0
BRDA:268,34,1,0
BRDA:272,35,0,0
BRDA:272,35,1,0
BRDA:286,36,0,0
BRDA:286,36,1,0
BRDA:290,37,0,0
BRDA:290,37,1,0
BRDA:296,38,0,0
BRDA:312,39,0,0
BRDA:312,39,1,0
BRDA:316,40,0,0
BRDA:316,40,1,0
BRDA:330,41,0,0
BRDA:332,42,0,0
BRDA:332,42,1,0
BRDA:337,43,0,0
BRDA:337,43,1,0
BRDA:348,44,0,0
BRDA:348,44,1,0
BRDA:353,45,0,0
BRDA:353,45,1,0
BRDA:362,46,0,0
BRDA:362,46,1,0
BRDA:373,47,0,0
BRDA:373,47,1,0
BRDA:385,48,0,0
BRDA:385,48,1,0
BRDA:385,49,0,0
BRDA:385,49,1,0
BRDA:389,50,0,0
BRDA:389,50,1,0
BRDA:389,50,2,0
BRF:105
BRH:0
end_of_record
TN:
SF:client/src/quests/quests-config.js
FN:294,(anonymous_0)
FN:298,(anonymous_1)
FN:299,(anonymous_2)
FN:302,(anonymous_3)
FN:308,(anonymous_4)
FN:314,(anonymous_5)
FNF:6
FNH:0
FNDA:0,(anonymous_0)
FNDA:0,(anonymous_1)
FNDA:0,(anonymous_2)
FNDA:0,(anonymous_3)
FNDA:0,(anonymous_4)
FNDA:0,(anonymous_5)
DA:1,1
DA:293,1
DA:295,0
DA:299,0
DA:303,0
DA:307,1
DA:309,0
DA:310,0
DA:311,0
DA:315,0
DA:321,0
DA:325,1
LF:12
LH:4
BRDA:310,0,0,0
BRDA:310,0,1,0
BRDA:321,1,0,0
BRDA:321,1,1,0
BRF:4
BRH:0
end_of_record
TN:
SF:shared/characters/character-config.js
FN:516,(anonymous_0)
FN:545,(anonymous_1)
FN:546,(anonymous_2)
FN:547,(anonymous_3)
FNF:4
FNH:1
FNDA:50,(anonymous_0)
FNDA:0,(anonymous_1)
FNDA:0,(anonymous_2)
FNDA:0,(anonymous_3)
DA:2,1
DA:60,1
DA:185,1
DA:228,1
DA:273,1
DA:280,1
DA:320,1
DA:514,1
DA:516,50
DA:545,0
DA:546,0
DA:547,0
DA:551,1
LF:13
LH:10
BRF:0
BRH:0
end_of_record
TN:
SF:shared/items/item-config.js
FNF:0
FNH:0
DA:1,1
DA:16,1
DA:24,1
DA:177,1
LF:4
LH:4
BRF:0
BRH:0
end_of_record
TN:
SF:shared/skills/skill-config.js
FNF:0
FNH:0
DA:1,1
DA:40,1
DA:62,1
DA:83,1
LF:4
LH:4
BRF:0
BRH:0
end_of_record
